  Application.cpp
C:\Users\Isaac\Documents\GitHub\FisicaII\PhysicsII_Box2D_Handout01\ModulePhysics.h(4,10): fatal error C1083: No se puede abrir el archivo incluir: 'Box2D.h': No such file or directory
  log.cpp
  Main.cpp
C:\Users\Isaac\Documents\GitHub\FisicaII\PhysicsII_Box2D_Handout01\ModulePhysics.h(4,10): fatal error C1083: No se puede abrir el archivo incluir: 'Box2D.h': No such file or directory
  ModuleAudio.cpp
C:\Users\Isaac\Documents\GitHub\FisicaII\PhysicsII_Box2D_Handout01\ModulePhysics.h(4,10): fatal error C1083: No se puede abrir el archivo incluir: 'Box2D.h': No such file or directory
  ModuleInput.cpp
C:\Users\Isaac\Documents\GitHub\FisicaII\PhysicsII_Box2D_Handout01\ModulePhysics.h(4,10): fatal error C1083: No se puede abrir el archivo incluir: 'Box2D.h': No such file or directory
  ModulePhysics.cpp
C:\Users\Isaac\Documents\GitHub\FisicaII\PhysicsII_Box2D_Handout01\ModulePhysics.h(4,10): fatal error C1083: No se puede abrir el archivo incluir: 'Box2D.h': No such file or directory
  ModulePlayer.cpp
C:\Users\Isaac\Documents\GitHub\FisicaII\PhysicsII_Box2D_Handout01\ModulePhysics.h(4,10): fatal error C1083: No se puede abrir el archivo incluir: 'Box2D.h': No such file or directory
  ModuleRender.cpp
C:\Users\Isaac\Documents\GitHub\FisicaII\PhysicsII_Box2D_Handout01\ModulePhysics.h(4,10): fatal error C1083: No se puede abrir el archivo incluir: 'Box2D.h': No such file or directory
  ModuleSceneIntro.cpp
C:\Users\Isaac\Documents\GitHub\FisicaII\PhysicsII_Box2D_Handout01\ModulePhysics.h(4,10): fatal error C1083: No se puede abrir el archivo incluir: 'Box2D.h': No such file or directory
  ModuleTextures.cpp
C:\Users\Isaac\Documents\GitHub\FisicaII\PhysicsII_Box2D_Handout01\ModulePhysics.h(4,10): fatal error C1083: No se puede abrir el archivo incluir: 'Box2D.h': No such file or directory
  ModuleWindow.cpp
C:\Users\Isaac\Documents\GitHub\FisicaII\PhysicsII_Box2D_Handout01\ModulePhysics.h(4,10): fatal error C1083: No se puede abrir el archivo incluir: 'Box2D.h': No such file or directory
  Generando código...
